2020-05-28 04:38:33,924 [Worker-2: Loading available Gradle versions] INFO  o.e.b.c.i.u.g.PublishedGradleVersions - Gradle version information cache is up-to-date. Trying to read.
2020-05-28 04:39:10,141 [Worker-0: Loading available Gradle versions] INFO  o.e.b.c.i.u.g.PublishedGradleVersions - Gradle version information cache is up-to-date. Trying to read.
2020-05-28 04:40:38,120 [Worker-7: Import Getting Started Content] INFO  o.e.m.c.i.l.LifecycleMappingFactory - Using org.eclipse.m2e.jdt.JarLifecycleMapping lifecycle mapping for MavenProject: com.andy.code:gridmachine:0.0.1-SNAPSHOT @ /Users/asanzbuezo/workspace/repository/GitHub/EyeTechSolutions/GridMachine/pom.xml.
2020-05-28 04:40:39,856 [Worker-7: Import Getting Started Content] INFO  o.e.m.j.i.AbstractJavaProjectConfigurator - Adding source folder /GridMachine/src/main/java
2020-05-28 04:40:39,857 [Worker-7: Import Getting Started Content] INFO  o.e.m.j.i.AbstractJavaProjectConfigurator - Adding resource folder /GridMachine/src/main/resources
2020-05-28 04:40:39,865 [Worker-7: Import Getting Started Content] INFO  o.e.m.j.i.AbstractJavaProjectConfigurator - Adding resource folder /GridMachine/src/main/resources
2020-05-28 04:40:39,875 [Worker-7: Import Getting Started Content] INFO  o.e.m.j.i.AbstractJavaProjectConfigurator - Adding source folder /GridMachine/src/test/java
2020-05-28 04:40:41,846 [Worker-7: Import Getting Started Content] INFO  o.e.m.c.i.p.ProjectConfigurationManager - Imported and configured 1 project(s) in 5 sec
2020-05-28 04:40:41,850 [Worker-7: Import Getting Started Content] INFO  o.e.m.c.i.p.ProjectConfigurationManager - Update started
2020-05-28 04:40:42,456 [Worker-7: Import Getting Started Content] INFO  o.e.m.c.i.l.LifecycleMappingFactory - Using org.eclipse.m2e.jdt.JarLifecycleMapping lifecycle mapping for MavenProject: com.andy.code:gridmachine:0.0.1-SNAPSHOT @ /Users/asanzbuezo/workspace/repository/GitHub/EyeTechSolutions/GridMachine/pom.xml.
2020-05-28 04:40:42,882 [Worker-7: Import Getting Started Content] INFO  o.e.m.j.i.AbstractJavaProjectConfigurator - Adding source folder /GridMachine/src/main/java
2020-05-28 04:40:42,882 [Worker-7: Import Getting Started Content] INFO  o.e.m.j.i.AbstractJavaProjectConfigurator - Adding resource folder /GridMachine/src/main/resources
2020-05-28 04:40:42,883 [Worker-7: Import Getting Started Content] INFO  o.e.m.j.i.AbstractJavaProjectConfigurator - Adding resource folder /GridMachine/src/main/resources
2020-05-28 04:40:42,883 [Worker-7: Import Getting Started Content] INFO  o.e.m.j.i.AbstractJavaProjectConfigurator - Adding source folder /GridMachine/src/test/java
2020-05-28 04:40:43,184 [Worker-7: Import Getting Started Content] INFO  o.e.m.c.i.p.ProjectConfigurationManager - Update completed: 1 sec
2020-05-28 04:40:44,170 [Worker-4: Building] INFO  o.e.m.c.i.embedder.EclipseLogger - Using 'UTF-8' encoding to copy filtered resources.
2020-05-28 04:40:44,181 [Worker-4: Building] INFO  o.e.m.c.i.embedder.EclipseLogger - Copying 1 resource
2020-05-28 04:40:44,197 [Worker-4: Building] INFO  o.e.m.c.i.embedder.EclipseLogger - Copying 0 resource
2020-05-28 04:40:44,202 [Worker-4: Building] INFO  o.e.m.c.i.embedder.EclipseLogger - Using 'UTF-8' encoding to copy filtered resources.
2020-05-28 04:40:44,202 [Worker-4: Building] INFO  o.e.m.c.i.embedder.EclipseLogger - skip non existing resourceDirectory /Users/asanzbuezo/workspace/repository/GitHub/EyeTechSolutions/GridMachine/src/test/resources
2020-05-28 04:41:16,730 [Worker-0: Building] INFO  o.e.m.c.i.l.LifecycleMappingFactory - Using org.eclipse.m2e.jdt.JarLifecycleMapping lifecycle mapping for MavenProject: com.andy.code:backendninja:0.0.1-SNAPSHOT @ /Users/asanzbuezo/workspace/repository/GitHub/Backend-Ninja/backendninja/pom.xml.
2020-05-28 04:41:17,162 [Worker-0: Building] INFO  o.e.m.c.i.embedder.EclipseLogger - Using 'UTF-8' encoding to copy filtered resources.
2020-05-28 04:41:17,163 [Worker-0: Building] INFO  o.e.m.c.i.embedder.EclipseLogger - Copying 1 resource
2020-05-28 04:41:17,167 [Worker-0: Building] INFO  o.e.m.c.i.embedder.EclipseLogger - Copying 21 resources
2020-05-28 04:41:17,222 [Worker-0: Building] INFO  o.e.m.c.i.embedder.EclipseLogger - Using 'UTF-8' encoding to copy filtered resources.
2020-05-28 04:41:17,222 [Worker-0: Building] INFO  o.e.m.c.i.embedder.EclipseLogger - skip non existing resourceDirectory /Users/asanzbuezo/workspace/repository/GitHub/Backend-Ninja/backendninja/src/test/resources
2020-05-28 04:41:18,840 [Worker-1: Building] INFO  o.e.m.c.i.embedder.EclipseLogger - Using 'UTF-8' encoding to copy filtered resources.
2020-05-28 04:41:18,846 [Worker-1: Building] INFO  o.e.m.c.i.embedder.EclipseLogger - Copying 1 resource
2020-05-28 04:41:18,858 [Worker-1: Building] INFO  o.e.m.c.i.embedder.EclipseLogger - Copying 21 resources
2020-05-28 04:41:18,882 [Worker-1: Building] INFO  o.e.m.c.i.embedder.EclipseLogger - Using 'UTF-8' encoding to copy filtered resources.
2020-05-28 04:41:18,883 [Worker-1: Building] INFO  o.e.m.c.i.embedder.EclipseLogger - skip non existing resourceDirectory /Users/asanzbuezo/workspace/repository/GitHub/Backend-Ninja/backendninja/src/test/resources
2020-05-28 04:42:16,634 [Worker-7: Building] INFO  o.e.m.c.i.embedder.EclipseLogger - Using 'UTF-8' encoding to copy filtered resources.
2020-05-28 04:42:16,636 [Worker-7: Building] INFO  o.e.m.c.i.embedder.EclipseLogger - Copying 1 resource
2020-05-28 04:42:16,637 [Worker-7: Building] INFO  o.e.m.c.i.embedder.EclipseLogger - Copying 0 resource
2020-05-28 04:42:16,640 [Worker-7: Building] INFO  o.e.m.c.i.embedder.EclipseLogger - Using 'UTF-8' encoding to copy filtered resources.
2020-05-28 04:42:16,640 [Worker-7: Building] INFO  o.e.m.c.i.embedder.EclipseLogger - skip non existing resourceDirectory /Users/asanzbuezo/workspace/repository/GitHub/EyeTechSolutions/GridMachine/src/test/resources
2020-05-28 04:43:26,481 [Worker-1: Building] INFO  o.e.m.c.i.embedder.EclipseLogger - Using 'UTF-8' encoding to copy filtered resources.
2020-05-28 04:43:26,482 [Worker-1: Building] INFO  o.e.m.c.i.embedder.EclipseLogger - Copying 1 resource
2020-05-28 04:43:26,484 [Worker-1: Building] INFO  o.e.m.c.i.embedder.EclipseLogger - Copying 0 resource
2020-05-28 04:43:26,487 [Worker-1: Building] INFO  o.e.m.c.i.embedder.EclipseLogger - Using 'UTF-8' encoding to copy filtered resources.
2020-05-28 04:43:26,487 [Worker-1: Building] INFO  o.e.m.c.i.embedder.EclipseLogger - skip non existing resourceDirectory /Users/asanzbuezo/workspace/repository/GitHub/EyeTechSolutions/GridMachine/src/test/resources
2020-05-28 04:43:37,588 [Worker-0: Building] INFO  o.e.m.c.i.embedder.EclipseLogger - Using 'UTF-8' encoding to copy filtered resources.
2020-05-28 04:43:37,589 [Worker-0: Building] INFO  o.e.m.c.i.embedder.EclipseLogger - Copying 1 resource
2020-05-28 04:43:37,591 [Worker-0: Building] INFO  o.e.m.c.i.embedder.EclipseLogger - Copying 0 resource
2020-05-28 04:43:37,593 [Worker-0: Building] INFO  o.e.m.c.i.embedder.EclipseLogger - Using 'UTF-8' encoding to copy filtered resources.
2020-05-28 04:43:37,594 [Worker-0: Building] INFO  o.e.m.c.i.embedder.EclipseLogger - skip non existing resourceDirectory /Users/asanzbuezo/workspace/repository/GitHub/EyeTechSolutions/GridMachine/src/test/resources
2020-05-28 04:44:26,279 [Worker-7: Building] INFO  o.e.m.c.i.embedder.EclipseLogger - Using 'UTF-8' encoding to copy filtered resources.
2020-05-28 04:44:26,290 [Worker-7: Building] INFO  o.e.m.c.i.embedder.EclipseLogger - Copying 1 resource
2020-05-28 04:44:26,291 [Worker-7: Building] INFO  o.e.m.c.i.embedder.EclipseLogger - Copying 0 resource
2020-05-28 04:44:26,294 [Worker-7: Building] INFO  o.e.m.c.i.embedder.EclipseLogger - Using 'UTF-8' encoding to copy filtered resources.
2020-05-28 04:44:26,294 [Worker-7: Building] INFO  o.e.m.c.i.embedder.EclipseLogger - skip non existing resourceDirectory /Users/asanzbuezo/workspace/repository/GitHub/EyeTechSolutions/GridMachine/src/test/resources
2020-05-28 04:44:43,578 [Worker-1: Building] INFO  o.e.m.c.i.embedder.EclipseLogger - Using 'UTF-8' encoding to copy filtered resources.
2020-05-28 04:44:43,578 [Worker-1: Building] INFO  o.e.m.c.i.embedder.EclipseLogger - Copying 0 resource
2020-05-28 04:44:43,579 [Worker-1: Building] INFO  o.e.m.c.i.embedder.EclipseLogger - Copying 1 resource
2020-05-28 04:44:43,591 [Worker-1: Building] INFO  o.e.m.c.i.embedder.EclipseLogger - Using 'UTF-8' encoding to copy filtered resources.
2020-05-28 04:44:43,592 [Worker-1: Building] INFO  o.e.m.c.i.embedder.EclipseLogger - skip non existing resourceDirectory /Users/asanzbuezo/workspace/repository/GitHub/EyeTechSolutions/GridMachine/src/test/resources
2020-05-28 04:44:59,527 [Worker-4: Building] INFO  o.e.m.c.i.embedder.EclipseLogger - Using 'UTF-8' encoding to copy filtered resources.
2020-05-28 04:44:59,527 [Worker-4: Building] INFO  o.e.m.c.i.embedder.EclipseLogger - Copying 0 resource
2020-05-28 04:44:59,528 [Worker-4: Building] INFO  o.e.m.c.i.embedder.EclipseLogger - Copying 14 resources
2020-05-28 04:44:59,552 [Worker-4: Building] INFO  o.e.m.c.i.embedder.EclipseLogger - Using 'UTF-8' encoding to copy filtered resources.
2020-05-28 04:44:59,552 [Worker-4: Building] INFO  o.e.m.c.i.embedder.EclipseLogger - skip non existing resourceDirectory /Users/asanzbuezo/workspace/repository/GitHub/EyeTechSolutions/GridMachine/src/test/resources
2020-05-28 04:45:11,004 [Worker-1: Building] INFO  o.e.m.c.i.embedder.EclipseLogger - Using 'UTF-8' encoding to copy filtered resources.
2020-05-28 04:45:11,005 [Worker-1: Building] INFO  o.e.m.c.i.embedder.EclipseLogger - Copying 0 resource
2020-05-28 04:45:11,005 [Worker-1: Building] INFO  o.e.m.c.i.embedder.EclipseLogger - Copying 0 resource
2020-05-28 04:45:11,009 [Worker-1: Building] INFO  o.e.m.c.i.embedder.EclipseLogger - Using 'UTF-8' encoding to copy filtered resources.
2020-05-28 04:45:11,010 [Worker-1: Building] INFO  o.e.m.c.i.embedder.EclipseLogger - skip non existing resourceDirectory /Users/asanzbuezo/workspace/repository/GitHub/EyeTechSolutions/GridMachine/src/test/resources
2020-05-28 04:47:36,968 [Worker-1: Building] INFO  o.e.m.c.i.embedder.EclipseLogger - Using 'UTF-8' encoding to copy filtered resources.
2020-05-28 04:47:36,972 [Worker-1: Building] INFO  o.e.m.c.i.embedder.EclipseLogger - Copying 1 resource
2020-05-28 04:47:36,977 [Worker-1: Building] INFO  o.e.m.c.i.embedder.EclipseLogger - Copying 8 resources
2020-05-28 04:47:36,979 [Worker-1: Building] INFO  o.e.m.c.i.embedder.EclipseLogger - Using 'UTF-8' encoding to copy filtered resources.
2020-05-28 04:47:36,980 [Worker-1: Building] INFO  o.e.m.c.i.embedder.EclipseLogger - skip non existing resourceDirectory /Users/asanzbuezo/workspace/repository/GitHub/EyeTechSolutions/GridMachine/src/test/resources
2020-05-28 04:47:38,000 [Worker-7: Building] INFO  o.e.m.c.i.embedder.EclipseLogger - Using 'UTF-8' encoding to copy filtered resources.
2020-05-28 04:47:38,002 [Worker-7: Building] INFO  o.e.m.c.i.embedder.EclipseLogger - Copying 1 resource
2020-05-28 04:47:38,011 [Worker-7: Building] INFO  o.e.m.c.i.embedder.EclipseLogger - Copying 8 resources
2020-05-28 04:47:38,013 [Worker-7: Building] INFO  o.e.m.c.i.embedder.EclipseLogger - Using 'UTF-8' encoding to copy filtered resources.
2020-05-28 04:47:38,014 [Worker-7: Building] INFO  o.e.m.c.i.embedder.EclipseLogger - skip non existing resourceDirectory /Users/asanzbuezo/workspace/repository/GitHub/EyeTechSolutions/GridMachine/src/test/resources
2020-05-28 04:50:12,034 [Worker-0: Updating Maven Dependencies] INFO  o.e.m.c.i.l.LifecycleMappingFactory - Using org.eclipse.m2e.jdt.JarLifecycleMapping lifecycle mapping for MavenProject: com.andy.code:backendninja:0.0.1-SNAPSHOT @ /Users/asanzbuezo/workspace/repository/GitHub/Backend-Ninja/backendninja/pom.xml.
2020-05-28 04:50:13,157 [Worker-5: Building] INFO  o.e.m.c.i.embedder.EclipseLogger - Using 'UTF-8' encoding to copy filtered resources.
2020-05-28 04:50:13,157 [Worker-5: Building] INFO  o.e.m.c.i.embedder.EclipseLogger - Copying 1 resource
2020-05-28 04:50:13,159 [Worker-5: Building] INFO  o.e.m.c.i.embedder.EclipseLogger - Copying 21 resources
2020-05-28 04:50:13,162 [Worker-5: Building] INFO  o.e.m.c.i.embedder.EclipseLogger - Using 'UTF-8' encoding to copy filtered resources.
2020-05-28 04:50:13,163 [Worker-5: Building] INFO  o.e.m.c.i.embedder.EclipseLogger - skip non existing resourceDirectory /Users/asanzbuezo/workspace/repository/GitHub/Backend-Ninja/backendninja/src/test/resources
2020-05-28 04:50:32,473 [Worker-7: Building Workspace] INFO  o.e.m.c.i.embedder.EclipseLogger - Using 'UTF-8' encoding to copy filtered resources.
2020-05-28 04:50:32,475 [Worker-7: Building Workspace] INFO  o.e.m.c.i.embedder.EclipseLogger - Copying 1 resource
2020-05-28 04:50:32,478 [Worker-7: Building Workspace] INFO  o.e.m.c.i.embedder.EclipseLogger - Copying 15 resources
2020-05-28 04:50:32,489 [Worker-7: Building Workspace] INFO  o.e.m.c.i.embedder.EclipseLogger - Using 'UTF-8' encoding to copy filtered resources.
2020-05-28 04:50:32,489 [Worker-7: Building Workspace] INFO  o.e.m.c.i.embedder.EclipseLogger - skip non existing resourceDirectory /Users/asanzbuezo/workspace/repository/GitHub/EyeTechSolutions/GridMachine/src/test/resources
2020-05-28 04:50:44,406 [Worker-4: Building] INFO  o.e.m.c.i.embedder.EclipseLogger - Using 'UTF-8' encoding to copy filtered resources.
2020-05-28 04:50:44,408 [Worker-4: Building] INFO  o.e.m.c.i.embedder.EclipseLogger - Copying 0 resource
2020-05-28 04:50:44,408 [Worker-4: Building] INFO  o.e.m.c.i.embedder.EclipseLogger - Copying 0 resource
2020-05-28 04:50:44,412 [Worker-4: Building] INFO  o.e.m.c.i.embedder.EclipseLogger - Using 'UTF-8' encoding to copy filtered resources.
2020-05-28 04:50:44,413 [Worker-4: Building] INFO  o.e.m.c.i.embedder.EclipseLogger - skip non existing resourceDirectory /Users/asanzbuezo/workspace/repository/GitHub/EyeTechSolutions/GridMachine/src/test/resources
2020-05-28 04:50:48,436 [Worker-7: Building] INFO  o.e.m.c.i.embedder.EclipseLogger - Using 'UTF-8' encoding to copy filtered resources.
2020-05-28 04:50:48,437 [Worker-7: Building] INFO  o.e.m.c.i.embedder.EclipseLogger - Copying 0 resource
2020-05-28 04:50:48,437 [Worker-7: Building] INFO  o.e.m.c.i.embedder.EclipseLogger - Copying 7 resources
2020-05-28 04:50:48,453 [Worker-7: Building] INFO  o.e.m.c.i.embedder.EclipseLogger - Using 'UTF-8' encoding to copy filtered resources.
2020-05-28 04:50:48,453 [Worker-7: Building] INFO  o.e.m.c.i.embedder.EclipseLogger - skip non existing resourceDirectory /Users/asanzbuezo/workspace/repository/GitHub/EyeTechSolutions/GridMachine/src/test/resources
2020-05-28 04:53:14,876 [Worker-4: Match Job] ERROR o.e.m.i.l.MavenConsoleLineTracker - Launch configuration backendninja - BackendninjaApplication at file:/Users/asanzbuezo/workspace/repository/GitHub/EyeTechSolutions/.metadata/.plugins/org.eclipse.debug.core/.launches/backendninja%20-%20BackendninjaApplication.launch does not exist.
org.eclipse.debug.core.DebugException: Launch configuration backendninja - BackendninjaApplication at file:/Users/asanzbuezo/workspace/repository/GitHub/EyeTechSolutions/.metadata/.plugins/org.eclipse.debug.core/.launches/backendninja%20-%20BackendninjaApplication.launch does not exist.
	at org.eclipse.debug.internal.core.LaunchManager.createDebugException(LaunchManager.java:886) ~[org.eclipse.debug.core_3.14.100.v20191115-1406.jar:na]
	at org.eclipse.debug.internal.core.LaunchManager.getInfo(LaunchManager.java:1381) ~[org.eclipse.debug.core_3.14.100.v20191115-1406.jar:na]
	at org.eclipse.debug.internal.core.LaunchConfiguration.getInfo(LaunchConfiguration.java:489) ~[org.eclipse.debug.core_3.14.100.v20191115-1406.jar:na]
	at org.eclipse.debug.internal.core.LaunchConfiguration.getType(LaunchConfiguration.java:644) ~[org.eclipse.debug.core_3.14.100.v20191115-1406.jar:na]
	at org.eclipse.m2e.internal.launch.MavenConsoleLineTracker.isMavenProcess(MavenConsoleLineTracker.java:144) [org.eclipse.m2e.launching_1.15.0.20200120-1354.jar:na]
	at org.eclipse.m2e.internal.launch.MavenConsoleLineTracker.lineAppended(MavenConsoleLineTracker.java:87) [org.eclipse.m2e.launching_1.15.0.20200120-1354.jar:na]
	at org.eclipse.debug.internal.ui.views.console.ConsoleLineNotifier.lineAppended(ConsoleLineNotifier.java:124) [org.eclipse.debug.ui_3.14.300.v20191116-2105.jar:na]
	at org.eclipse.debug.internal.ui.views.console.ConsoleLineNotifier.matchFound(ConsoleLineNotifier.java:116) [org.eclipse.debug.ui_3.14.300.v20191116-2105.jar:na]
	at org.eclipse.ui.internal.console.ConsolePatternMatcher$MatchJob.run(ConsolePatternMatcher.java:137) [org.eclipse.ui.console_3.9.0.v20191126-0912.jar:na]
	at org.eclipse.core.internal.jobs.Worker.run(Worker.java:63) [org.eclipse.core.jobs_3.10.600.v20191122-2104.jar:na]
2020-05-28 04:53:14,880 [Worker-4: Match Job] ERROR o.e.m.i.l.MavenConsoleLineTracker - Launch configuration backendninja - BackendninjaApplication at file:/Users/asanzbuezo/workspace/repository/GitHub/EyeTechSolutions/.metadata/.plugins/org.eclipse.debug.core/.launches/backendninja%20-%20BackendninjaApplication.launch does not exist.
org.eclipse.debug.core.DebugException: Launch configuration backendninja - BackendninjaApplication at file:/Users/asanzbuezo/workspace/repository/GitHub/EyeTechSolutions/.metadata/.plugins/org.eclipse.debug.core/.launches/backendninja%20-%20BackendninjaApplication.launch does not exist.
	at org.eclipse.debug.internal.core.LaunchManager.createDebugException(LaunchManager.java:886) ~[org.eclipse.debug.core_3.14.100.v20191115-1406.jar:na]
	at org.eclipse.debug.internal.core.LaunchManager.getInfo(LaunchManager.java:1381) ~[org.eclipse.debug.core_3.14.100.v20191115-1406.jar:na]
	at org.eclipse.debug.internal.core.LaunchConfiguration.getInfo(LaunchConfiguration.java:489) ~[org.eclipse.debug.core_3.14.100.v20191115-1406.jar:na]
	at org.eclipse.debug.internal.core.LaunchConfiguration.getType(LaunchConfiguration.java:644) ~[org.eclipse.debug.core_3.14.100.v20191115-1406.jar:na]
	at org.eclipse.m2e.internal.launch.MavenConsoleLineTracker.isMavenProcess(MavenConsoleLineTracker.java:144) [org.eclipse.m2e.launching_1.15.0.20200120-1354.jar:na]
	at org.eclipse.m2e.internal.launch.MavenConsoleLineTracker.lineAppended(MavenConsoleLineTracker.java:87) [org.eclipse.m2e.launching_1.15.0.20200120-1354.jar:na]
	at org.eclipse.debug.internal.ui.views.console.ConsoleLineNotifier.lineAppended(ConsoleLineNotifier.java:124) [org.eclipse.debug.ui_3.14.300.v20191116-2105.jar:na]
	at org.eclipse.debug.internal.ui.views.console.ConsoleLineNotifier.matchFound(ConsoleLineNotifier.java:116) [org.eclipse.debug.ui_3.14.300.v20191116-2105.jar:na]
	at org.eclipse.ui.internal.console.ConsolePatternMatcher$MatchJob.run(ConsolePatternMatcher.java:137) [org.eclipse.ui.console_3.9.0.v20191126-0912.jar:na]
	at org.eclipse.core.internal.jobs.Worker.run(Worker.java:63) [org.eclipse.core.jobs_3.10.600.v20191122-2104.jar:na]
2020-05-28 04:53:15,141 [Worker-0: Match Job] ERROR o.e.m.i.l.MavenConsoleLineTracker - Launch configuration backendninja - BackendninjaApplication at file:/Users/asanzbuezo/workspace/repository/GitHub/EyeTechSolutions/.metadata/.plugins/org.eclipse.debug.core/.launches/backendninja%20-%20BackendninjaApplication.launch does not exist.
org.eclipse.debug.core.DebugException: Launch configuration backendninja - BackendninjaApplication at file:/Users/asanzbuezo/workspace/repository/GitHub/EyeTechSolutions/.metadata/.plugins/org.eclipse.debug.core/.launches/backendninja%20-%20BackendninjaApplication.launch does not exist.
	at org.eclipse.debug.internal.core.LaunchManager.createDebugException(LaunchManager.java:886) ~[org.eclipse.debug.core_3.14.100.v20191115-1406.jar:na]
	at org.eclipse.debug.internal.core.LaunchManager.getInfo(LaunchManager.java:1381) ~[org.eclipse.debug.core_3.14.100.v20191115-1406.jar:na]
	at org.eclipse.debug.internal.core.LaunchConfiguration.getInfo(LaunchConfiguration.java:489) ~[org.eclipse.debug.core_3.14.100.v20191115-1406.jar:na]
	at org.eclipse.debug.internal.core.LaunchConfiguration.getType(LaunchConfiguration.java:644) ~[org.eclipse.debug.core_3.14.100.v20191115-1406.jar:na]
	at org.eclipse.m2e.internal.launch.MavenConsoleLineTracker.isMavenProcess(MavenConsoleLineTracker.java:144) [org.eclipse.m2e.launching_1.15.0.20200120-1354.jar:na]
	at org.eclipse.m2e.internal.launch.MavenConsoleLineTracker.lineAppended(MavenConsoleLineTracker.java:87) [org.eclipse.m2e.launching_1.15.0.20200120-1354.jar:na]
	at org.eclipse.debug.internal.ui.views.console.ConsoleLineNotifier.lineAppended(ConsoleLineNotifier.java:124) [org.eclipse.debug.ui_3.14.300.v20191116-2105.jar:na]
	at org.eclipse.debug.internal.ui.views.console.ConsoleLineNotifier.disconnect(ConsoleLineNotifier.java:72) [org.eclipse.debug.ui_3.14.300.v20191116-2105.jar:na]
	at org.eclipse.ui.internal.console.ConsolePatternMatcher$CompiledPatternMatchListener.dispose(ConsolePatternMatcher.java:198) [org.eclipse.ui.console_3.9.0.v20191126-0912.jar:na]
	at org.eclipse.ui.internal.console.ConsolePatternMatcher.disconnect(ConsolePatternMatcher.java:260) [org.eclipse.ui.console_3.9.0.v20191126-0912.jar:na]
	at org.eclipse.ui.internal.console.ConsolePatternMatcher$MatchJob.run(ConsolePatternMatcher.java:164) [org.eclipse.ui.console_3.9.0.v20191126-0912.jar:na]
	at org.eclipse.core.internal.jobs.Worker.run(Worker.java:63) [org.eclipse.core.jobs_3.10.600.v20191122-2104.jar:na]
2020-05-28 04:53:28,488 [Worker-7: Building] INFO  o.e.m.c.i.l.LifecycleMappingFactory - Using org.eclipse.m2e.jdt.JarLifecycleMapping lifecycle mapping for MavenProject: com.andy.code:backendninja:0.0.1-SNAPSHOT @ /Users/asanzbuezo/workspace/repository/GitHub/EyeTechSolutions/backendninja/pom.xml.
2020-05-28 04:53:28,942 [Worker-7: Building] INFO  o.e.m.c.i.embedder.EclipseLogger - Using 'UTF-8' encoding to copy filtered resources.
2020-05-28 04:53:28,942 [Worker-7: Building] INFO  o.e.m.c.i.embedder.EclipseLogger - Copying 1 resource
2020-05-28 04:53:28,944 [Worker-7: Building] INFO  o.e.m.c.i.embedder.EclipseLogger - Copying 21 resources
2020-05-28 04:53:28,967 [Worker-7: Building] INFO  o.e.m.c.i.embedder.EclipseLogger - Using 'UTF-8' encoding to copy filtered resources.
2020-05-28 04:53:28,967 [Worker-7: Building] INFO  o.e.m.c.i.embedder.EclipseLogger - skip non existing resourceDirectory /Users/asanzbuezo/workspace/repository/GitHub/EyeTechSolutions/backendninja/src/test/resources
2020-05-28 04:53:30,514 [Worker-4: Building] INFO  o.e.m.c.i.embedder.EclipseLogger - Using 'UTF-8' encoding to copy filtered resources.
2020-05-28 04:53:30,516 [Worker-4: Building] INFO  o.e.m.c.i.embedder.EclipseLogger - Copying 1 resource
2020-05-28 04:53:30,528 [Worker-4: Building] INFO  o.e.m.c.i.embedder.EclipseLogger - Copying 21 resources
2020-05-28 04:53:30,562 [Worker-4: Building] INFO  o.e.m.c.i.embedder.EclipseLogger - Using 'UTF-8' encoding to copy filtered resources.
2020-05-28 04:53:30,562 [Worker-4: Building] INFO  o.e.m.c.i.embedder.EclipseLogger - skip non existing resourceDirectory /Users/asanzbuezo/workspace/repository/GitHub/EyeTechSolutions/backendninja/src/test/resources
2020-05-28 04:54:08,391 [Worker-6: Building] INFO  o.e.m.c.i.l.LifecycleMappingFactory - Using org.eclipse.m2e.jdt.JarLifecycleMapping lifecycle mapping for MavenProject: com.andy.code:backendninja:0.0.1-SNAPSHOT @ /Users/asanzbuezo/workspace/repository/GitHub/EyeTechSolutions/GridMachine/pom.xml.
2020-05-28 04:54:08,712 [Worker-6: Building] INFO  o.e.m.c.i.embedder.EclipseLogger - Using 'UTF-8' encoding to copy filtered resources.
2020-05-28 04:54:08,712 [Worker-6: Building] INFO  o.e.m.c.i.embedder.EclipseLogger - Copying 1 resource
2020-05-28 04:54:08,714 [Worker-6: Building] INFO  o.e.m.c.i.embedder.EclipseLogger - Copying 21 resources
2020-05-28 04:54:08,746 [Worker-6: Building] INFO  o.e.m.c.i.embedder.EclipseLogger - Using 'UTF-8' encoding to copy filtered resources.
2020-05-28 04:54:08,746 [Worker-6: Building] INFO  o.e.m.c.i.embedder.EclipseLogger - skip non existing resourceDirectory /Users/asanzbuezo/workspace/repository/GitHub/EyeTechSolutions/GridMachine/src/test/resources
2020-05-28 04:54:10,268 [Worker-9: Building] INFO  o.e.m.c.i.embedder.EclipseLogger - Using 'UTF-8' encoding to copy filtered resources.
2020-05-28 04:54:10,269 [Worker-9: Building] INFO  o.e.m.c.i.embedder.EclipseLogger - Copying 1 resource
2020-05-28 04:54:10,272 [Worker-9: Building] INFO  o.e.m.c.i.embedder.EclipseLogger - Copying 21 resources
2020-05-28 04:54:10,291 [Worker-9: Building] INFO  o.e.m.c.i.embedder.EclipseLogger - Using 'UTF-8' encoding to copy filtered resources.
2020-05-28 04:54:10,291 [Worker-9: Building] INFO  o.e.m.c.i.embedder.EclipseLogger - skip non existing resourceDirectory /Users/asanzbuezo/workspace/repository/GitHub/EyeTechSolutions/GridMachine/src/test/resources
2020-05-28 04:54:37,684 [Worker-7: Building] INFO  o.e.m.c.i.l.LifecycleMappingFactory - Using org.eclipse.m2e.jdt.JarLifecycleMapping lifecycle mapping for MavenProject: com.andy.code:gridmachine:0.0.1-SNAPSHOT @ /Users/asanzbuezo/workspace/repository/GitHub/EyeTechSolutions/GridMachine/pom.xml.
2020-05-28 04:54:38,087 [Worker-7: Building] INFO  o.e.m.c.i.embedder.EclipseLogger - Using 'UTF-8' encoding to copy filtered resources.
2020-05-28 04:54:38,095 [Worker-7: Building] INFO  o.e.m.c.i.embedder.EclipseLogger - Copying 0 resource
2020-05-28 04:54:38,096 [Worker-7: Building] INFO  o.e.m.c.i.embedder.EclipseLogger - Copying 0 resource
2020-05-28 04:54:38,102 [Worker-7: Building] INFO  o.e.m.c.i.embedder.EclipseLogger - Using 'UTF-8' encoding to copy filtered resources.
2020-05-28 04:54:38,102 [Worker-7: Building] INFO  o.e.m.c.i.embedder.EclipseLogger - skip non existing resourceDirectory /Users/asanzbuezo/workspace/repository/GitHub/EyeTechSolutions/GridMachine/src/test/resources
2020-05-28 04:55:29,635 [Worker-0: Building] INFO  o.e.m.c.i.embedder.EclipseLogger - Using 'UTF-8' encoding to copy filtered resources.
2020-05-28 04:55:29,637 [Worker-0: Building] INFO  o.e.m.c.i.embedder.EclipseLogger - Copying 1 resource
2020-05-28 04:55:29,652 [Worker-0: Building] INFO  o.e.m.c.i.embedder.EclipseLogger - Copying 21 resources
2020-05-28 04:55:29,654 [Worker-0: Building] INFO  o.e.m.c.i.embedder.EclipseLogger - Using 'UTF-8' encoding to copy filtered resources.
2020-05-28 04:55:29,654 [Worker-0: Building] INFO  o.e.m.c.i.embedder.EclipseLogger - skip non existing resourceDirectory /Users/asanzbuezo/workspace/repository/GitHub/EyeTechSolutions/GridMachine/src/test/resources
2020-05-28 04:55:45,192 [Worker-6: Building] INFO  o.e.m.c.i.embedder.EclipseLogger - Using 'UTF-8' encoding to copy filtered resources.
2020-05-28 04:55:45,194 [Worker-6: Building] INFO  o.e.m.c.i.embedder.EclipseLogger - Copying 1 resource
2020-05-28 04:55:45,196 [Worker-6: Building] INFO  o.e.m.c.i.embedder.EclipseLogger - Copying 21 resources
2020-05-28 04:55:45,199 [Worker-6: Building] INFO  o.e.m.c.i.embedder.EclipseLogger - Using 'UTF-8' encoding to copy filtered resources.
2020-05-28 04:55:45,199 [Worker-6: Building] INFO  o.e.m.c.i.embedder.EclipseLogger - skip non existing resourceDirectory /Users/asanzbuezo/workspace/repository/GitHub/EyeTechSolutions/GridMachine/src/test/resources
2020-05-28 04:56:11,998 [Worker-4: Building] INFO  o.e.m.c.i.embedder.EclipseLogger - Using 'UTF-8' encoding to copy filtered resources.
2020-05-28 04:56:12,012 [Worker-4: Building] INFO  o.e.m.c.i.embedder.EclipseLogger - Copying 0 resource
2020-05-28 04:56:12,012 [Worker-4: Building] INFO  o.e.m.c.i.embedder.EclipseLogger - Copying 0 resource
2020-05-28 04:56:12,028 [Worker-4: Building] INFO  o.e.m.c.i.embedder.EclipseLogger - Using 'UTF-8' encoding to copy filtered resources.
2020-05-28 04:56:12,030 [Worker-4: Building] INFO  o.e.m.c.i.embedder.EclipseLogger - skip non existing resourceDirectory /Users/asanzbuezo/workspace/repository/GitHub/EyeTechSolutions/GridMachine/src/test/resources
2020-05-28 04:56:16,797 [Worker-5: Building] INFO  o.e.m.c.i.embedder.EclipseLogger - Using 'UTF-8' encoding to copy filtered resources.
2020-05-28 04:56:16,797 [Worker-5: Building] INFO  o.e.m.c.i.embedder.EclipseLogger - Copying 0 resource
2020-05-28 04:56:16,798 [Worker-5: Building] INFO  o.e.m.c.i.embedder.EclipseLogger - Copying 0 resource
2020-05-28 04:56:16,809 [Worker-5: Building] INFO  o.e.m.c.i.embedder.EclipseLogger - Using 'UTF-8' encoding to copy filtered resources.
2020-05-28 04:56:16,810 [Worker-5: Building] INFO  o.e.m.c.i.embedder.EclipseLogger - skip non existing resourceDirectory /Users/asanzbuezo/workspace/repository/GitHub/EyeTechSolutions/GridMachine/src/test/resources
2020-05-28 04:56:24,830 [Worker-1: Building] INFO  o.e.m.c.i.embedder.EclipseLogger - Using 'UTF-8' encoding to copy filtered resources.
2020-05-28 04:56:24,838 [Worker-1: Building] INFO  o.e.m.c.i.embedder.EclipseLogger - Copying 0 resource
2020-05-28 04:56:24,839 [Worker-1: Building] INFO  o.e.m.c.i.embedder.EclipseLogger - Copying 0 resource
2020-05-28 04:56:24,844 [Worker-1: Building] INFO  o.e.m.c.i.embedder.EclipseLogger - Using 'UTF-8' encoding to copy filtered resources.
2020-05-28 04:56:24,844 [Worker-1: Building] INFO  o.e.m.c.i.embedder.EclipseLogger - skip non existing resourceDirectory /Users/asanzbuezo/workspace/repository/GitHub/EyeTechSolutions/GridMachine/src/test/resources
2020-05-28 05:12:31,029 [Worker-15: Building] INFO  o.e.m.c.i.embedder.EclipseLogger - Using 'UTF-8' encoding to copy filtered resources.
2020-05-28 05:12:31,030 [Worker-15: Building] INFO  o.e.m.c.i.embedder.EclipseLogger - Copying 0 resource
2020-05-28 05:12:31,031 [Worker-15: Building] INFO  o.e.m.c.i.embedder.EclipseLogger - Copying 0 resource
2020-05-28 05:12:31,086 [Worker-15: Building] INFO  o.e.m.c.i.embedder.EclipseLogger - Using 'UTF-8' encoding to copy filtered resources.
2020-05-28 05:12:31,086 [Worker-15: Building] INFO  o.e.m.c.i.embedder.EclipseLogger - skip non existing resourceDirectory /Users/asanzbuezo/workspace/repository/GitHub/EyeTechSolutions/GridMachine/src/test/resources
2020-05-28 05:13:09,838 [Worker-15: Building] INFO  o.e.m.c.i.l.LifecycleMappingFactory - Using org.eclipse.m2e.jdt.JarLifecycleMapping lifecycle mapping for MavenProject: com.andy.code:gridmachine:0.0.1-SNAPSHOT @ /Users/asanzbuezo/workspace/repository/GitHub/EyeTechSolutions/GridMachine/pom.xml.
2020-05-28 05:13:10,337 [Worker-15: Building] INFO  o.e.m.c.i.embedder.EclipseLogger - Using 'UTF-8' encoding to copy filtered resources.
2020-05-28 05:13:10,342 [Worker-15: Building] INFO  o.e.m.c.i.embedder.EclipseLogger - Copying 0 resource
2020-05-28 05:13:10,343 [Worker-15: Building] INFO  o.e.m.c.i.embedder.EclipseLogger - Copying 0 resource
2020-05-28 05:13:10,346 [Worker-15: Building] INFO  o.e.m.c.i.embedder.EclipseLogger - Using 'UTF-8' encoding to copy filtered resources.
2020-05-28 05:13:10,346 [Worker-15: Building] INFO  o.e.m.c.i.embedder.EclipseLogger - skip non existing resourceDirectory /Users/asanzbuezo/workspace/repository/GitHub/EyeTechSolutions/GridMachine/src/test/resources
2020-05-28 05:15:55,264 [Worker-15: Building] INFO  o.e.m.c.i.embedder.EclipseLogger - Using 'UTF-8' encoding to copy filtered resources.
2020-05-28 05:15:55,272 [Worker-15: Building] INFO  o.e.m.c.i.embedder.EclipseLogger - Copying 0 resource
2020-05-28 05:15:55,272 [Worker-15: Building] INFO  o.e.m.c.i.embedder.EclipseLogger - Copying 1 resource
2020-05-28 05:15:55,282 [Worker-15: Building] INFO  o.e.m.c.i.embedder.EclipseLogger - Using 'UTF-8' encoding to copy filtered resources.
2020-05-28 05:15:55,282 [Worker-15: Building] INFO  o.e.m.c.i.embedder.EclipseLogger - skip non existing resourceDirectory /Users/asanzbuezo/workspace/repository/GitHub/EyeTechSolutions/GridMachine/src/test/resources
2020-05-28 05:16:02,327 [Worker-7: Building] INFO  o.e.m.c.i.embedder.EclipseLogger - Using 'UTF-8' encoding to copy filtered resources.
2020-05-28 05:16:02,327 [Worker-7: Building] INFO  o.e.m.c.i.embedder.EclipseLogger - Copying 0 resource
2020-05-28 05:16:02,328 [Worker-7: Building] INFO  o.e.m.c.i.embedder.EclipseLogger - Copying 1 resource
2020-05-28 05:16:02,339 [Worker-7: Building] INFO  o.e.m.c.i.embedder.EclipseLogger - Using 'UTF-8' encoding to copy filtered resources.
2020-05-28 05:16:02,340 [Worker-7: Building] INFO  o.e.m.c.i.embedder.EclipseLogger - skip non existing resourceDirectory /Users/asanzbuezo/workspace/repository/GitHub/EyeTechSolutions/GridMachine/src/test/resources
2020-05-28 05:16:13,647 [Worker-7: Building] INFO  o.e.m.c.i.embedder.EclipseLogger - Using 'UTF-8' encoding to copy filtered resources.
2020-05-28 05:16:13,651 [Worker-7: Building] INFO  o.e.m.c.i.embedder.EclipseLogger - Copying 0 resource
2020-05-28 05:16:13,651 [Worker-7: Building] INFO  o.e.m.c.i.embedder.EclipseLogger - Copying 1 resource
2020-05-28 05:16:13,662 [Worker-7: Building] INFO  o.e.m.c.i.embedder.EclipseLogger - Using 'UTF-8' encoding to copy filtered resources.
2020-05-28 05:16:13,662 [Worker-7: Building] INFO  o.e.m.c.i.embedder.EclipseLogger - skip non existing resourceDirectory /Users/asanzbuezo/workspace/repository/GitHub/EyeTechSolutions/GridMachine/src/test/resources
